Release 14.7 - xst P.20131013 (nt64)
Copyright (c) 1995-2013 Xilinx, Inc.  All rights reserved.
--> Parameter TMPDIR set to xst/projnav.tmp


Total REAL time to Xst completion: 0.00 secs
Total CPU time to Xst completion: 0.12 secs
 
--> Parameter xsthdpdir set to xst


Total REAL time to Xst completion: 0.00 secs
Total CPU time to Xst completion: 0.12 secs
 
--> Reading design: alu.prj

TABLE OF CONTENTS
  1) Synthesis Options Summary
  2) HDL Compilation
  3) Design Hierarchy Analysis
  4) HDL Analysis
  5) HDL Synthesis
     5.1) HDL Synthesis Report
  6) Advanced HDL Synthesis
     6.1) Advanced HDL Synthesis Report
  7) Low Level Synthesis
  8) Partition Report
  9) Final Report
	9.1) Device utilization summary
	9.2) Partition Resource Summary
	9.3) TIMING REPORT


=========================================================================
*                      Synthesis Options Summary                        *
=========================================================================
---- Source Parameters
Input File Name                    : "alu.prj"
Input Format                       : mixed
Ignore Synthesis Constraint File   : NO

---- Target Parameters
Output File Name                   : "alu"
Output Format                      : NGC
Target Device                      : xc3s50a-4-tq144

---- Source Options
Top Module Name                    : alu
Automatic FSM Extraction           : YES
FSM Encoding Algorithm             : Auto
Safe Implementation                : No
FSM Style                          : LUT
RAM Extraction                     : Yes
RAM Style                          : Auto
ROM Extraction                     : Yes
Mux Style                          : Auto
Decoder Extraction                 : YES
Priority Encoder Extraction        : Yes
Shift Register Extraction          : YES
Logical Shifter Extraction         : YES
XOR Collapsing                     : YES
ROM Style                          : Auto
Mux Extraction                     : Yes
Resource Sharing                   : YES
Asynchronous To Synchronous        : NO
Multiplier Style                   : Auto
Automatic Register Balancing       : No

---- Target Options
Add IO Buffers                     : YES
Global Maximum Fanout              : 100000
Add Generic Clock Buffer(BUFG)     : 24
Register Duplication               : YES
Slice Packing                      : YES
Optimize Instantiated Primitives   : NO
Use Clock Enable                   : Yes
Use Synchronous Set                : Yes
Use Synchronous Reset              : Yes
Pack IO Registers into IOBs        : Auto
Equivalent register Removal        : YES

---- General Options
Optimization Goal                  : Speed
Optimization Effort                : 1
Keep Hierarchy                     : No
Netlist Hierarchy                  : As_Optimized
RTL Output                         : Yes
Global Optimization                : AllClockNets
Read Cores                         : YES
Write Timing Constraints           : NO
Cross Clock Analysis               : NO
Hierarchy Separator                : /
Bus Delimiter                      : <>
Case Specifier                     : Maintain
Slice Utilization Ratio            : 100
BRAM Utilization Ratio             : 100
Verilog 2001                       : YES
Auto BRAM Packing                  : NO
Slice Utilization Ratio Delta      : 5

=========================================================================


=========================================================================
*                          HDL Compilation                              *
=========================================================================
Compiling verilog file "protection.v" in library work
Compiling verilog file "bridge.v" in library work
Module <protection> compiled
Compiling verilog file "alu_min.v" in library work
Module <bridge> compiled
Compiling verilog file "alu.v" in library work
Module <alu_min> compiled
Module <alu> compiled
No errors in compilation
Analysis of file <"alu.prj"> succeeded.
 

=========================================================================
*                     Design Hierarchy Analysis                         *
=========================================================================
Analyzing hierarchy for module <alu> in library <work>.

Analyzing hierarchy for module <alu_min> in library <work>.

Analyzing hierarchy for module <protection> in library <work>.

Analyzing hierarchy for module <bridge> in library <work>.


=========================================================================
*                            HDL Analysis                               *
=========================================================================
Analyzing top module <alu>.
Module <alu> is correct for synthesis.
 
Analyzing module <alu_min> in library <work>.
WARNING:Xst:883 - "alu_min.v" line 20: Ignored duplicate item in case statement. 
Module <alu_min> is correct for synthesis.
 
Analyzing module <protection> in library <work>.
WARNING:Xst:2725 - "protection.v" line 13: Size mismatch between case item and case selector.
WARNING:Xst:2725 - "protection.v" line 14: Size mismatch between case item and case selector.
Module <protection> is correct for synthesis.
 
Analyzing module <bridge> in library <work>.
Module <bridge> is correct for synthesis.
 

=========================================================================
*                           HDL Synthesis                               *
=========================================================================

Performing bidirectional port resolution...

Synthesizing Unit <alu_min>.
    Related source file is "alu_min.v".
WARNING:Xst:647 - Input <ENA> is never used. This port will be preserved and left unconnected if it belongs to a top-level block or it belongs to a sub-block and the hierarchy of this sub-block is preserved.
WARNING:Xst:647 - Input <KEY> is never used. This port will be preserved and left unconnected if it belongs to a top-level block or it belongs to a sub-block and the hierarchy of this sub-block is preserved.
    Found 8-bit register for signal <RGZ>.
    Found 8-bit addsub for signal <RGZ$addsub0000>.
    Found 8-bit 16-to-1 multiplexer for signal <RGZ$mux0000> created at line 16.
    Summary:
	inferred   8 D-type flip-flop(s).
	inferred   1 Adder/Subtractor(s).
	inferred   8 Multiplexer(s).
Unit <alu_min> synthesized.


Synthesizing Unit <protection>.
    Related source file is "protection.v".
WARNING:Xst:647 - Input <ENA> is never used. This port will be preserved and left unconnected if it belongs to a top-level block or it belongs to a sub-block and the hierarchy of this sub-block is preserved.
WARNING:Xst:647 - Input <RGA<7:3>> is never used. This port will be preserved and left unconnected if it belongs to a top-level block or it belongs to a sub-block and the hierarchy of this sub-block is preserved.
WARNING:Xst:647 - Input <RGB> is never used. This port will be preserved and left unconnected if it belongs to a top-level block or it belongs to a sub-block and the hierarchy of this sub-block is preserved.
    Found 8-bit register for signal <RGZ>.
    Found 2-bit adder for signal <$add0000> created at line 16.
    Found 3-bit adder for signal <$add0001> created at line 20.
    Found 12-bit register for signal <tmp>.
    Summary:
	inferred  20 D-type flip-flop(s).
	inferred   2 Adder/Subtractor(s).
Unit <protection> synthesized.


Synthesizing Unit <bridge>.
    Related source file is "bridge.v".
Unit <bridge> synthesized.


Synthesizing Unit <alu>.
    Related source file is "alu.v".
Unit <alu> synthesized.

INFO:Xst:1767 - HDL ADVISOR - Resource sharing has identified that some arithmetic operations in this design can share the same physical resources for reduced device utilization. For improved clock frequency you may try to disable resource sharing.

=========================================================================
HDL Synthesis Report

Macro Statistics
# Adders/Subtractors                                   : 3
 2-bit adder                                           : 1
 3-bit adder                                           : 1
 8-bit addsub                                          : 1
# Registers                                            : 21
 1-bit register                                        : 20
 8-bit register                                        : 1
# Multiplexers                                         : 1
 8-bit 16-to-1 multiplexer                             : 1

=========================================================================

=========================================================================
*                       Advanced HDL Synthesis                          *
=========================================================================


=========================================================================
Advanced HDL Synthesis Report

Macro Statistics
# Adders/Subtractors                                   : 3
 2-bit adder                                           : 1
 3-bit adder                                           : 1
 8-bit addsub                                          : 1
# Registers                                            : 16
 Flip-Flops                                            : 16
# Multiplexers                                         : 1
 8-bit 16-to-1 multiplexer                             : 1

=========================================================================

=========================================================================
*                         Low Level Synthesis                           *
=========================================================================

Optimizing unit <alu> ...

Optimizing unit <alu_min> ...

Optimizing unit <protection> ...

Mapping all equations...
Building and optimizing final netlist ...
Found area constraint ratio of 100 (+ 5) on block alu, actual ratio is 9.

Final Macro Processing ...

=========================================================================
Final Register Report

Macro Statistics
# Registers                                            : 16
 Flip-Flops                                            : 16

=========================================================================

=========================================================================
*                           Partition Report                            *
=========================================================================

Partition Implementation Status
-------------------------------

  No Partitions were found in this design.

-------------------------------

=========================================================================
*                            Final Report                               *
=========================================================================
Final Results
RTL Top Level Output File Name     : alu.ngr
Top Level Output File Name         : alu
Output Format                      : NGC
Optimization Goal                  : Speed
Keep Hierarchy                     : No

Design Statistics
# IOs                              : 33

Cell Usage :
# BELS                             : 131
#      LUT2                        : 11
#      LUT2_L                      : 1
#      LUT3                        : 32
#      LUT3_D                      : 2
#      LUT4                        : 51
#      MUXCY                       : 7
#      MUXF5                       : 19
#      XORCY                       : 8
# FlipFlops/Latches                : 16
#      FD                          : 7
#      FDR                         : 8
#      FDS                         : 1
# Clock Buffers                    : 1
#      BUFGP                       : 1
# IO Buffers                       : 31
#      IBUF                        : 23
#      OBUF                        : 8
=========================================================================

Device utilization summary:
---------------------------

Selected Device : 3s50atq144-4 

 Number of Slices:                       52  out of    704     7%  
 Number of Slice Flip Flops:             16  out of   1408     1%  
 Number of 4 input LUTs:                 97  out of   1408     6%  
 Number of IOs:                          33
 Number of bonded IOBs:                  32  out of    108    29%  
 Number of GCLKs:                         1  out of     24     4%  

---------------------------
Partition Resource Summary:
---------------------------

  No Partitions were found in this design.

---------------------------


=========================================================================
TIMING REPORT

NOTE: THESE TIMING NUMBERS ARE ONLY A SYNTHESIS ESTIMATE.
      FOR ACCURATE TIMING INFORMATION PLEASE REFER TO THE TRACE REPORT
      GENERATED AFTER PLACE-and-ROUTE.

Clock Information:
------------------
-----------------------------------+------------------------+-------+
Clock Signal                       | Clock buffer(FF name)  | Load  |
-----------------------------------+------------------------+-------+
CLK                                | BUFGP                  | 16    |
-----------------------------------+------------------------+-------+

Asynchronous Control Signals Information:
----------------------------------------
No asynchronous control signals found in this design

Timing Summary:
---------------
Speed Grade: -4

   Minimum period: 4.023ns (Maximum Frequency: 248.571MHz)
   Minimum input arrival time before clock: 8.667ns
   Maximum output required time after clock: 6.962ns
   Maximum combinational path delay: No path found

Timing Detail:
--------------
All values displayed in nanoseconds (ns)

=========================================================================
Timing constraint: Default period analysis for Clock 'CLK'
  Clock period: 4.023ns (frequency: 248.571MHz)
  Total number of paths / destination ports: 49 / 17
-------------------------------------------------------------------------
Delay:               4.023ns (Levels of Logic = 2)
  Source:            prot/RGZ_7 (FF)
  Destination:       prot/RGZ_5 (FF)
  Source Clock:      CLK rising
  Destination Clock: CLK rising

  Data Path: prot/RGZ_7 to prot/RGZ_5
                                Gate     Net
    Cell:in->out      fanout   Delay   Delay  Logical Name (Net Name)
    ----------------------------------------  ------------
     FD:C->Q               6   0.591   0.749  prot/RGZ_7 (prot/RGZ_7)
     LUT3_D:I1->LO         1   0.643   0.103  prot/RGZ_5_mux000021 (N37)
     LUT4:I3->O            1   0.648   0.420  prot/RGZ_5_mux000035 (prot/RGZ_5_mux000035)
     FDS:S                     0.869          prot/RGZ_5
    ----------------------------------------
    Total                      4.023ns (2.751ns logic, 1.272ns route)
                                       (68.4% logic, 31.6% route)

=========================================================================
Timing constraint: Default OFFSET IN BEFORE for Clock 'CLK'
  Total number of paths / destination ports: 837 / 25
-------------------------------------------------------------------------
Offset:              8.667ns (Levels of Logic = 14)
  Source:            OPT<0> (PAD)
  Destination:       aluj/RGZ_7 (FF)
  Destination Clock: CLK rising

  Data Path: OPT<0> to aluj/RGZ_7
                                Gate     Net
    Cell:in->out      fanout   Delay   Delay  Logical Name (Net Name)
    ----------------------------------------  ------------
     IBUF:I->O            41   0.849   1.408  OPT_0_IBUF (OPT_0_IBUF)
     LUT4:I0->O            2   0.648   0.479  aluj/RGZ_mux00022 (aluj/RGZ_mux0002)
     LUT3:I2->O            1   0.648   0.000  aluj/Maddsub_RGZ_addsub0000_lut<0> (aluj/Maddsub_RGZ_addsub0000_lut<0>)
     MUXCY:S->O            1   0.632   0.000  aluj/Maddsub_RGZ_addsub0000_cy<0> (aluj/Maddsub_RGZ_addsub0000_cy<0>)
     MUXCY:CI->O           1   0.065   0.000  aluj/Maddsub_RGZ_addsub0000_cy<1> (aluj/Maddsub_RGZ_addsub0000_cy<1>)
     MUXCY:CI->O           1   0.065   0.000  aluj/Maddsub_RGZ_addsub0000_cy<2> (aluj/Maddsub_RGZ_addsub0000_cy<2>)
     MUXCY:CI->O           1   0.065   0.000  aluj/Maddsub_RGZ_addsub0000_cy<3> (aluj/Maddsub_RGZ_addsub0000_cy<3>)
     MUXCY:CI->O           1   0.065   0.000  aluj/Maddsub_RGZ_addsub0000_cy<4> (aluj/Maddsub_RGZ_addsub0000_cy<4>)
     MUXCY:CI->O           1   0.065   0.000  aluj/Maddsub_RGZ_addsub0000_cy<5> (aluj/Maddsub_RGZ_addsub0000_cy<5>)
     MUXCY:CI->O           0   0.065   0.000  aluj/Maddsub_RGZ_addsub0000_cy<6> (aluj/Maddsub_RGZ_addsub0000_cy<6>)
     XORCY:CI->O           2   0.844   0.450  aluj/Maddsub_RGZ_addsub0000_xor<7> (aluj/RGZ_addsub0000<7>)
     LUT4:I3->O            1   0.648   0.000  aluj/Mmux_RGZ_mux0000_6 (aluj/Mmux_RGZ_mux0000_6)
     MUXF5:I0->O           1   0.276   0.500  aluj/Mmux_RGZ_mux0000_4_f5 (aluj/Mmux_RGZ_mux0000_4_f5)
     LUT3:I1->O            1   0.643   0.000  aluj/RGZ_mux0000<0>_inv1 (aluj/RGZ_mux0000<0>)
     FDR:D                     0.252          aluj/RGZ_7
    ----------------------------------------
    Total                      8.667ns (5.830ns logic, 2.837ns route)
                                       (67.3% logic, 32.7% route)

=========================================================================
Timing constraint: Default OFFSET OUT AFTER for Clock 'CLK'
  Total number of paths / destination ports: 16 / 8
-------------------------------------------------------------------------
Offset:              6.962ns (Levels of Logic = 2)
  Source:            prot/RGZ_6 (FF)
  Destination:       RGZ<6> (PAD)
  Source Clock:      CLK rising

  Data Path: prot/RGZ_6 to RGZ<6>
                                Gate     Net
    Cell:in->out      fanout   Delay   Delay  Logical Name (Net Name)
    ----------------------------------------  ------------
     FD:C->Q               7   0.591   0.788  prot/RGZ_6 (prot/RGZ_6)
     LUT2:I1->O            1   0.643   0.420  jembatan/Z<6>1 (RGZ_6_OBUF)
     OBUF:I->O                 4.520          RGZ_6_OBUF (RGZ<6>)
    ----------------------------------------
    Total                      6.962ns (5.754ns logic, 1.208ns route)
                                       (82.6% logic, 17.4% route)

=========================================================================


Total REAL time to Xst completion: 5.00 secs
Total CPU time to Xst completion: 5.52 secs
 
--> 

Total memory usage is 319548 kilobytes

Number of errors   :    0 (   0 filtered)
Number of warnings :    8 (   0 filtered)
Number of infos    :    1 (   0 filtered)

