--------------------------------------------------------------------------------
Release 14.7 Trace  (nt)
Copyright (c) 1995-2013 Xilinx, Inc.  All rights reserved.

C:\Xilinx\14.7\ISE_DS\ISE\bin\nt\unwrapped\trce.exe -intstyle ise -v 3 -s 4 -n
3 -fastpaths -xml alu.twx alu.ncd -o alu.twr alu.pcf -ucf constrain.ucf

Design file:              alu.ncd
Physical constraint file: alu.pcf
Device,package,speed:     xc3s50a,tq144,-4 (PRODUCTION 1.42 2013-10-13)
Report level:             verbose report

Environment Variable      Effect 
--------------------      ------ 
NONE                      No environment variables were set
--------------------------------------------------------------------------------

INFO:Timing:2698 - No timing constraints found, doing default enumeration.
INFO:Timing:3412 - To improve timing, see the Timing Closure User Guide (UG612).
INFO:Timing:2752 - To get complete path coverage, use the unconstrained paths 
   option. All paths that are not constrained will be reported in the 
   unconstrained paths section(s) of the report.
INFO:Timing:3339 - The clock-to-out numbers in this timing report are based on 
   a 50 Ohm transmission line loading model.  For the details of this model, 
   and for more information on accounting for different loading conditions, 
   please see the device datasheet.
INFO:Timing:3390 - This architecture does not support a default System Jitter 
   value, please add SYSTEM_JITTER constraint to the UCF to modify the Clock 
   Uncertainty calculation.
INFO:Timing:3389 - This architecture does not support 'Discrete Jitter' and 
   'Phase Error' calculations, these terms will be zero in the Clock 
   Uncertainty calculation.  Please make appropriate modification to 
   SYSTEM_JITTER to account for the unsupported Discrete Jitter and Phase 
   Error.



Data Sheet report:
-----------------
All values displayed in nanoseconds (ns)

Setup/Hold to clock CLK
------------+------------+------------+------------------+--------+
            |Max Setup to|Max Hold to |                  | Clock  |
Source      | clk (edge) | clk (edge) |Internal Clock(s) | Phase  |
------------+------------+------------+------------------+--------+
KEY<0>      |    2.546(R)|    1.619(R)|CLK_BUFGP         |   0.000|
KEY<1>      |    2.719(R)|    1.687(R)|CLK_BUFGP         |   0.000|
OPT<0>      |    5.893(R)|    0.537(R)|CLK_BUFGP         |   0.000|
OPT<1>      |    6.432(R)|    0.418(R)|CLK_BUFGP         |   0.000|
OPT<2>      |    5.398(R)|    0.619(R)|CLK_BUFGP         |   0.000|
OPT<3>      |    5.883(R)|    1.252(R)|CLK_BUFGP         |   0.000|
RGA<0>      |    5.437(R)|    1.376(R)|CLK_BUFGP         |   0.000|
RGA<1>      |    5.394(R)|    1.295(R)|CLK_BUFGP         |   0.000|
RGA<2>      |    5.477(R)|    1.463(R)|CLK_BUFGP         |   0.000|
RGA<3>      |    5.133(R)|    0.727(R)|CLK_BUFGP         |   0.000|
RGA<4>      |    5.349(R)|    0.002(R)|CLK_BUFGP         |   0.000|
RGA<5>      |    5.667(R)|    0.180(R)|CLK_BUFGP         |   0.000|
RGA<6>      |    5.076(R)|    0.353(R)|CLK_BUFGP         |   0.000|
RGA<7>      |    4.912(R)|   -0.091(R)|CLK_BUFGP         |   0.000|
RGB<0>      |    5.058(R)|   -0.739(R)|CLK_BUFGP         |   0.000|
RGB<1>      |    6.067(R)|   -0.050(R)|CLK_BUFGP         |   0.000|
RGB<2>      |    5.035(R)|    0.316(R)|CLK_BUFGP         |   0.000|
RGB<3>      |    5.267(R)|    0.492(R)|CLK_BUFGP         |   0.000|
RGB<4>      |    4.830(R)|    0.736(R)|CLK_BUFGP         |   0.000|
RGB<5>      |    5.513(R)|   -0.121(R)|CLK_BUFGP         |   0.000|
RGB<6>      |    4.880(R)|   -0.303(R)|CLK_BUFGP         |   0.000|
RGB<7>      |    4.358(R)|   -0.083(R)|CLK_BUFGP         |   0.000|
RST         |    2.532(R)|    1.614(R)|CLK_BUFGP         |   0.000|
------------+------------+------------+------------------+--------+

Clock CLK to Pad
------------+------------+------------------+--------+
            | clk (edge) |                  | Clock  |
Destination |   to PAD   |Internal Clock(s) | Phase  |
------------+------------+------------------+--------+
RGZ<0>      |   10.353(R)|CLK_BUFGP         |   0.000|
RGZ<1>      |   10.552(R)|CLK_BUFGP         |   0.000|
RGZ<2>      |   10.901(R)|CLK_BUFGP         |   0.000|
RGZ<3>      |   10.832(R)|CLK_BUFGP         |   0.000|
RGZ<4>      |   10.328(R)|CLK_BUFGP         |   0.000|
RGZ<5>      |   10.581(R)|CLK_BUFGP         |   0.000|
RGZ<6>      |   10.716(R)|CLK_BUFGP         |   0.000|
RGZ<7>      |   10.692(R)|CLK_BUFGP         |   0.000|
------------+------------+------------------+--------+

Clock to Setup on destination clock CLK
---------------+---------+---------+---------+---------+
               | Src:Rise| Src:Fall| Src:Rise| Src:Fall|
Source Clock   |Dest:Rise|Dest:Rise|Dest:Fall|Dest:Fall|
---------------+---------+---------+---------+---------+
CLK            |    3.773|         |         |         |
---------------+---------+---------+---------+---------+


Analysis completed Wed Sep 13 02:41:19 2017 
--------------------------------------------------------------------------------

Trace Settings:
-------------------------
Trace Settings 

Peak Memory Usage: 144 MB



