Release 14.7 - xst P.20131013 (nt)
Copyright (c) 1995-2013 Xilinx, Inc.  All rights reserved.
--> Parameter TMPDIR set to xst/projnav.tmp


Total REAL time to Xst completion: 0.00 secs
Total CPU time to Xst completion: 0.09 secs
 
--> Parameter xsthdpdir set to xst


Total REAL time to Xst completion: 0.00 secs
Total CPU time to Xst completion: 0.09 secs
 
--> Reading design: alu_min.prj

TABLE OF CONTENTS
  1) Synthesis Options Summary
  2) HDL Compilation
  3) Design Hierarchy Analysis
  4) HDL Analysis
  5) HDL Synthesis
     5.1) HDL Synthesis Report
  6) Advanced HDL Synthesis
     6.1) Advanced HDL Synthesis Report
  7) Low Level Synthesis
  8) Partition Report
  9) Final Report
	9.1) Device utilization summary
	9.2) Partition Resource Summary
	9.3) TIMING REPORT


=========================================================================
*                      Synthesis Options Summary                        *
=========================================================================
---- Source Parameters
Input File Name                    : "alu_min.prj"
Input Format                       : mixed
Ignore Synthesis Constraint File   : NO

---- Target Parameters
Output File Name                   : "alu_min"
Output Format                      : NGC
Target Device                      : xc3s50a-4-tq144

---- Source Options
Top Module Name                    : alu_min
Automatic FSM Extraction           : YES
FSM Encoding Algorithm             : Auto
Safe Implementation                : No
FSM Style                          : LUT
RAM Extraction                     : Yes
RAM Style                          : Auto
ROM Extraction                     : Yes
Mux Style                          : Auto
Decoder Extraction                 : YES
Priority Encoder Extraction        : Yes
Shift Register Extraction          : YES
Logical Shifter Extraction         : YES
XOR Collapsing                     : YES
ROM Style                          : Auto
Mux Extraction                     : Yes
Resource Sharing                   : YES
Asynchronous To Synchronous        : NO
Multiplier Style                   : Auto
Automatic Register Balancing       : No

---- Target Options
Add IO Buffers                     : YES
Global Maximum Fanout              : 100000
Add Generic Clock Buffer(BUFG)     : 24
Register Duplication               : YES
Slice Packing                      : YES
Optimize Instantiated Primitives   : NO
Use Clock Enable                   : Yes
Use Synchronous Set                : Yes
Use Synchronous Reset              : Yes
Pack IO Registers into IOBs        : Auto
Equivalent register Removal        : YES

---- General Options
Optimization Goal                  : Speed
Optimization Effort                : 1
Keep Hierarchy                     : No
Netlist Hierarchy                  : As_Optimized
RTL Output                         : Yes
Global Optimization                : AllClockNets
Read Cores                         : YES
Write Timing Constraints           : NO
Cross Clock Analysis               : NO
Hierarchy Separator                : /
Bus Delimiter                      : <>
Case Specifier                     : Maintain
Slice Utilization Ratio            : 100
BRAM Utilization Ratio             : 100
Verilog 2001                       : YES
Auto BRAM Packing                  : NO
Slice Utilization Ratio Delta      : 5

=========================================================================


=========================================================================
*                          HDL Compilation                              *
=========================================================================
Compiling verilog file "alu_min.v" in library work
Module <alu_min> compiled
No errors in compilation
Analysis of file <"alu_min.prj"> succeeded.
 

=========================================================================
*                     Design Hierarchy Analysis                         *
=========================================================================
Analyzing hierarchy for module <alu_min> in library <work>.


=========================================================================
*                            HDL Analysis                               *
=========================================================================
Analyzing top module <alu_min>.
WARNING:Xst:883 - "alu_min.v" line 20: Ignored duplicate item in case statement. 
Module <alu_min> is correct for synthesis.
 

=========================================================================
*                           HDL Synthesis                               *
=========================================================================

Performing bidirectional port resolution...

Synthesizing Unit <alu_min>.
    Related source file is "alu_min.v".
WARNING:Xst:647 - Input <ENA> is never used. This port will be preserved and left unconnected if it belongs to a top-level block or it belongs to a sub-block and the hierarchy of this sub-block is preserved.
WARNING:Xst:647 - Input <KEY> is never used. This port will be preserved and left unconnected if it belongs to a top-level block or it belongs to a sub-block and the hierarchy of this sub-block is preserved.
    Found 8-bit register for signal <RGZ>.
    Found 8-bit addsub for signal <RGZ$addsub0000>.
    Found 8-bit 16-to-1 multiplexer for signal <RGZ$mux0000> created at line 16.
    Summary:
	inferred   8 D-type flip-flop(s).
	inferred   1 Adder/Subtractor(s).
	inferred   8 Multiplexer(s).
Unit <alu_min> synthesized.

INFO:Xst:1767 - HDL ADVISOR - Resource sharing has identified that some arithmetic operations in this design can share the same physical resources for reduced device utilization. For improved clock frequency you may try to disable resource sharing.

=========================================================================
HDL Synthesis Report

Macro Statistics
# Adders/Subtractors                                   : 1
 8-bit addsub                                          : 1
# Registers                                            : 1
 8-bit register                                        : 1
# Multiplexers                                         : 1
 8-bit 16-to-1 multiplexer                             : 1

=========================================================================

=========================================================================
*                       Advanced HDL Synthesis                          *
=========================================================================


=========================================================================
Advanced HDL Synthesis Report

Macro Statistics
# Adders/Subtractors                                   : 1
 8-bit addsub                                          : 1
# Registers                                            : 8
 Flip-Flops                                            : 8
# Multiplexers                                         : 1
 8-bit 16-to-1 multiplexer                             : 1

=========================================================================

=========================================================================
*                         Low Level Synthesis                           *
=========================================================================

Optimizing unit <alu_min> ...

Mapping all equations...
Building and optimizing final netlist ...
Found area constraint ratio of 100 (+ 5) on block alu_min, actual ratio is 7.

Final Macro Processing ...

=========================================================================
Final Register Report

Macro Statistics
# Registers                                            : 8
 Flip-Flops                                            : 8

=========================================================================

=========================================================================
*                           Partition Report                            *
=========================================================================

Partition Implementation Status
-------------------------------

  No Partitions were found in this design.

-------------------------------

=========================================================================
*                            Final Report                               *
=========================================================================
Final Results
RTL Top Level Output File Name     : alu_min.ngr
Top Level Output File Name         : alu_min
Output Format                      : NGC
Optimization Goal                  : Speed
Keep Hierarchy                     : No

Design Statistics
# IOs                              : 33

Cell Usage :
# BELS                             : 117
#      LUT2                        : 3
#      LUT3                        : 29
#      LUT4                        : 53
#      LUT4_L                      : 1
#      MUXCY                       : 7
#      MUXF5                       : 16
#      XORCY                       : 8
# FlipFlops/Latches                : 8
#      FDR                         : 8
# Clock Buffers                    : 1
#      BUFGP                       : 1
# IO Buffers                       : 29
#      IBUF                        : 21
#      OBUF                        : 8
=========================================================================

Device utilization summary:
---------------------------

Selected Device : 3s50atq144-4 

 Number of Slices:                       46  out of    704     6%  
 Number of Slice Flip Flops:              8  out of   1408     0%  
 Number of 4 input LUTs:                 86  out of   1408     6%  
 Number of IOs:                          33
 Number of bonded IOBs:                  30  out of    108    27%  
 Number of GCLKs:                         1  out of     24     4%  

---------------------------
Partition Resource Summary:
---------------------------

  No Partitions were found in this design.

---------------------------


=========================================================================
TIMING REPORT

NOTE: THESE TIMING NUMBERS ARE ONLY A SYNTHESIS ESTIMATE.
      FOR ACCURATE TIMING INFORMATION PLEASE REFER TO THE TRACE REPORT
      GENERATED AFTER PLACE-and-ROUTE.

Clock Information:
------------------
-----------------------------------+------------------------+-------+
Clock Signal                       | Clock buffer(FF name)  | Load  |
-----------------------------------+------------------------+-------+
CLK                                | BUFGP                  | 8     |
-----------------------------------+------------------------+-------+

Asynchronous Control Signals Information:
----------------------------------------
No asynchronous control signals found in this design

Timing Summary:
---------------
Speed Grade: -4

   Minimum period: 2.692ns (Maximum Frequency: 371.471MHz)
   Minimum input arrival time before clock: 10.075ns
   Maximum output required time after clock: 5.558ns
   Maximum combinational path delay: No path found

Timing Detail:
--------------
All values displayed in nanoseconds (ns)

=========================================================================
Timing constraint: Default period analysis for Clock 'CLK'
  Clock period: 2.692ns (frequency: 371.471MHz)
  Total number of paths / destination ports: 8 / 8
-------------------------------------------------------------------------
Delay:               2.692ns (Levels of Logic = 2)
  Source:            RGZ_0 (FF)
  Destination:       RGZ_0 (FF)
  Source Clock:      CLK rising
  Destination Clock: CLK rising

  Data Path: RGZ_0 to RGZ_0
                                Gate     Net
    Cell:in->out      fanout   Delay   Delay  Logical Name (Net Name)
    ----------------------------------------  ------------
     FDR:C->Q              2   0.591   0.450  RGZ_0 (RGZ_0)
     LUT4_L:I3->LO         1   0.648   0.103  OPT<3>22 (OPT<3>22)
     LUT4:I3->O            1   0.648   0.000  OPT<3>51 (RGZ_mux0000<7>)
     FDR:D                     0.252          RGZ_0
    ----------------------------------------
    Total                      2.692ns (2.139ns logic, 0.553ns route)
                                       (79.5% logic, 20.5% route)

=========================================================================
Timing constraint: Default OFFSET IN BEFORE for Clock 'CLK'
  Total number of paths / destination ports: 1954 / 16
-------------------------------------------------------------------------
Offset:              10.075ns (Levels of Logic = 15)
  Source:            OPT<0> (PAD)
  Destination:       RGZ_6 (FF)
  Destination Clock: CLK rising

  Data Path: OPT<0> to RGZ_6
                                Gate     Net
    Cell:in->out      fanout   Delay   Delay  Logical Name (Net Name)
    ----------------------------------------  ------------
     IBUF:I->O            41   0.849   1.408  OPT_0_IBUF (OPT_0_IBUF)
     LUT4:I0->O            2   0.648   0.479  RGZ_mux00022 (RGZ_mux0002)
     LUT3:I2->O            1   0.648   0.000  Maddsub_RGZ_addsub0000_lut<0> (Maddsub_RGZ_addsub0000_lut<0>)
     MUXCY:S->O            1   0.632   0.000  Maddsub_RGZ_addsub0000_cy<0> (Maddsub_RGZ_addsub0000_cy<0>)
     MUXCY:CI->O           1   0.065   0.000  Maddsub_RGZ_addsub0000_cy<1> (Maddsub_RGZ_addsub0000_cy<1>)
     MUXCY:CI->O           1   0.065   0.000  Maddsub_RGZ_addsub0000_cy<2> (Maddsub_RGZ_addsub0000_cy<2>)
     MUXCY:CI->O           1   0.065   0.000  Maddsub_RGZ_addsub0000_cy<3> (Maddsub_RGZ_addsub0000_cy<3>)
     MUXCY:CI->O           1   0.065   0.000  Maddsub_RGZ_addsub0000_cy<4> (Maddsub_RGZ_addsub0000_cy<4>)
     MUXCY:CI->O           1   0.065   0.000  Maddsub_RGZ_addsub0000_cy<5> (Maddsub_RGZ_addsub0000_cy<5>)
     XORCY:CI->O           2   0.844   0.527  Maddsub_RGZ_addsub0000_xor<6> (RGZ_addsub0000<6>)
     LUT3:I1->O            1   0.643   0.000  Mmux_RGZ_mux0000_52 (Mmux_RGZ_mux0000_52)
     MUXF5:I0->O           2   0.276   0.450  Mmux_RGZ_mux0000_3_f5_0 (Mmux_RGZ_mux0000_3_f51)
     LUT4:I3->O            2   0.648   0.527  Mmux_RGZ_mux0000_4_f5_0_SW1 (N20)
     LUT3:I1->O            1   0.643   0.000  RGZ_mux0000<1>_inv1_G (N71)
     MUXF5:I1->O           1   0.276   0.000  RGZ_mux0000<1>_inv1 (RGZ_mux0000<1>)
     FDR:D                     0.252          RGZ_6
    ----------------------------------------
    Total                     10.075ns (6.684ns logic, 3.391ns route)
                                       (66.3% logic, 33.7% route)

=========================================================================
Timing constraint: Default OFFSET OUT AFTER for Clock 'CLK'
  Total number of paths / destination ports: 8 / 8
-------------------------------------------------------------------------
Offset:              5.558ns (Levels of Logic = 1)
  Source:            RGZ_7 (FF)
  Destination:       RGZ<7> (PAD)
  Source Clock:      CLK rising

  Data Path: RGZ_7 to RGZ<7>
                                Gate     Net
    Cell:in->out      fanout   Delay   Delay  Logical Name (Net Name)
    ----------------------------------------  ------------
     FDR:C->Q              2   0.591   0.447  RGZ_7 (RGZ_7)
     OBUF:I->O                 4.520          RGZ_7_OBUF (RGZ<7>)
    ----------------------------------------
    Total                      5.558ns (5.111ns logic, 0.447ns route)
                                       (92.0% logic, 8.0% route)

=========================================================================


Total REAL time to Xst completion: 4.00 secs
Total CPU time to Xst completion: 4.21 secs
 
--> 

Total memory usage is 271740 kilobytes

Number of errors   :    0 (   0 filtered)
Number of warnings :    3 (   0 filtered)
Number of infos    :    1 (   0 filtered)

