Release 14.7 - xst P.20131013 (nt)
Copyright (c) 1995-2013 Xilinx, Inc.  All rights reserved.
--> Parameter TMPDIR set to xst/projnav.tmp


Total REAL time to Xst completion: 0.00 secs
Total CPU time to Xst completion: 0.11 secs
 
--> Parameter xsthdpdir set to xst


Total REAL time to Xst completion: 0.00 secs
Total CPU time to Xst completion: 0.11 secs
 
--> Reading design: protection.prj

TABLE OF CONTENTS
  1) Synthesis Options Summary
  2) HDL Compilation
  3) Design Hierarchy Analysis
  4) HDL Analysis
  5) HDL Synthesis
     5.1) HDL Synthesis Report
  6) Advanced HDL Synthesis
     6.1) Advanced HDL Synthesis Report
  7) Low Level Synthesis
  8) Partition Report
  9) Final Report
	9.1) Device utilization summary
	9.2) Partition Resource Summary
	9.3) TIMING REPORT


=========================================================================
*                      Synthesis Options Summary                        *
=========================================================================
---- Source Parameters
Input File Name                    : "protection.prj"
Input Format                       : mixed
Ignore Synthesis Constraint File   : NO

---- Target Parameters
Output File Name                   : "protection"
Output Format                      : NGC
Target Device                      : xc3s50a-4-tq144

---- Source Options
Top Module Name                    : protection
Automatic FSM Extraction           : YES
FSM Encoding Algorithm             : Auto
Safe Implementation                : No
FSM Style                          : LUT
RAM Extraction                     : Yes
RAM Style                          : Auto
ROM Extraction                     : Yes
Mux Style                          : Auto
Decoder Extraction                 : YES
Priority Encoder Extraction        : Yes
Shift Register Extraction          : YES
Logical Shifter Extraction         : YES
XOR Collapsing                     : YES
ROM Style                          : Auto
Mux Extraction                     : Yes
Resource Sharing                   : YES
Asynchronous To Synchronous        : NO
Multiplier Style                   : Auto
Automatic Register Balancing       : No

---- Target Options
Add IO Buffers                     : YES
Global Maximum Fanout              : 100000
Add Generic Clock Buffer(BUFG)     : 24
Register Duplication               : YES
Slice Packing                      : YES
Optimize Instantiated Primitives   : NO
Use Clock Enable                   : Yes
Use Synchronous Set                : Yes
Use Synchronous Reset              : Yes
Pack IO Registers into IOBs        : Auto
Equivalent register Removal        : YES

---- General Options
Optimization Goal                  : Speed
Optimization Effort                : 1
Keep Hierarchy                     : No
Netlist Hierarchy                  : As_Optimized
RTL Output                         : Yes
Global Optimization                : AllClockNets
Read Cores                         : YES
Write Timing Constraints           : NO
Cross Clock Analysis               : NO
Hierarchy Separator                : /
Bus Delimiter                      : <>
Case Specifier                     : Maintain
Slice Utilization Ratio            : 100
BRAM Utilization Ratio             : 100
Verilog 2001                       : YES
Auto BRAM Packing                  : NO
Slice Utilization Ratio Delta      : 5

=========================================================================


=========================================================================
*                          HDL Compilation                              *
=========================================================================
Compiling verilog file "protection.v" in library work
Module <protection> compiled
No errors in compilation
Analysis of file <"protection.prj"> succeeded.
 

=========================================================================
*                     Design Hierarchy Analysis                         *
=========================================================================
Analyzing hierarchy for module <protection> in library <work>.


=========================================================================
*                            HDL Analysis                               *
=========================================================================
Analyzing top module <protection>.
WARNING:Xst:2725 - "protection.v" line 13: Size mismatch between case item and case selector.
WARNING:Xst:2725 - "protection.v" line 14: Size mismatch between case item and case selector.
Module <protection> is correct for synthesis.
 

=========================================================================
*                           HDL Synthesis                               *
=========================================================================

Performing bidirectional port resolution...

Synthesizing Unit <protection>.
    Related source file is "protection.v".
WARNING:Xst:647 - Input <ENA> is never used. This port will be preserved and left unconnected if it belongs to a top-level block or it belongs to a sub-block and the hierarchy of this sub-block is preserved.
WARNING:Xst:647 - Input <RGA<7:3>> is never used. This port will be preserved and left unconnected if it belongs to a top-level block or it belongs to a sub-block and the hierarchy of this sub-block is preserved.
WARNING:Xst:647 - Input <RGB> is never used. This port will be preserved and left unconnected if it belongs to a top-level block or it belongs to a sub-block and the hierarchy of this sub-block is preserved.
    Found 8-bit register for signal <RGZ>.
    Found 2-bit adder for signal <$add0000> created at line 16.
    Found 3-bit adder for signal <$add0001> created at line 20.
    Found 12-bit register for signal <tmp>.
    Summary:
	inferred  20 D-type flip-flop(s).
	inferred   2 Adder/Subtractor(s).
Unit <protection> synthesized.


=========================================================================
HDL Synthesis Report

Macro Statistics
# Adders/Subtractors                                   : 2
 2-bit adder                                           : 1
 3-bit adder                                           : 1
# Registers                                            : 20
 1-bit register                                        : 20

=========================================================================

=========================================================================
*                       Advanced HDL Synthesis                          *
=========================================================================


=========================================================================
Advanced HDL Synthesis Report

Macro Statistics
# Adders/Subtractors                                   : 2
 2-bit adder                                           : 1
 3-bit adder                                           : 1
# Registers                                            : 8
 Flip-Flops                                            : 8

=========================================================================

=========================================================================
*                         Low Level Synthesis                           *
=========================================================================

Optimizing unit <protection> ...

Mapping all equations...
Building and optimizing final netlist ...
Found area constraint ratio of 100 (+ 5) on block protection, actual ratio is 1.

Final Macro Processing ...

=========================================================================
Final Register Report

Macro Statistics
# Registers                                            : 8
 Flip-Flops                                            : 8

=========================================================================

=========================================================================
*                           Partition Report                            *
=========================================================================

Partition Implementation Status
-------------------------------

  No Partitions were found in this design.

-------------------------------

=========================================================================
*                            Final Report                               *
=========================================================================
Final Results
RTL Top Level Output File Name     : protection.ngr
Top Level Output File Name         : protection
Output Format                      : NGC
Optimization Goal                  : Speed
Keep Hierarchy                     : No

Design Statistics
# IOs                              : 29

Cell Usage :
# BELS                             : 20
#      LUT2                        : 1
#      LUT2_L                      : 1
#      LUT3                        : 3
#      LUT3_D                      : 2
#      LUT4                        : 11
#      MUXF5                       : 2
# FlipFlops/Latches                : 8
#      FD                          : 7
#      FDS                         : 1
# Clock Buffers                    : 1
#      BUFGP                       : 1
# IO Buffers                       : 14
#      IBUF                        : 6
#      OBUF                        : 8
=========================================================================

Device utilization summary:
---------------------------

Selected Device : 3s50atq144-4 

 Number of Slices:                       10  out of    704     1%  
 Number of Slice Flip Flops:              8  out of   1408     0%  
 Number of 4 input LUTs:                 18  out of   1408     1%  
 Number of IOs:                          29
 Number of bonded IOBs:                  15  out of    108    13%  
 Number of GCLKs:                         1  out of     24     4%  

---------------------------
Partition Resource Summary:
---------------------------

  No Partitions were found in this design.

---------------------------


=========================================================================
TIMING REPORT

NOTE: THESE TIMING NUMBERS ARE ONLY A SYNTHESIS ESTIMATE.
      FOR ACCURATE TIMING INFORMATION PLEASE REFER TO THE TRACE REPORT
      GENERATED AFTER PLACE-and-ROUTE.

Clock Information:
------------------
-----------------------------------+------------------------+-------+
Clock Signal                       | Clock buffer(FF name)  | Load  |
-----------------------------------+------------------------+-------+
CLK                                | BUFGP                  | 8     |
-----------------------------------+------------------------+-------+

Asynchronous Control Signals Information:
----------------------------------------
No asynchronous control signals found in this design

Timing Summary:
---------------
Speed Grade: -4

   Minimum period: 4.023ns (Maximum Frequency: 248.571MHz)
   Minimum input arrival time before clock: 5.607ns
   Maximum output required time after clock: 5.819ns
   Maximum combinational path delay: No path found

Timing Detail:
--------------
All values displayed in nanoseconds (ns)

=========================================================================
Timing constraint: Default period analysis for Clock 'CLK'
  Clock period: 4.023ns (frequency: 248.571MHz)
  Total number of paths / destination ports: 41 / 9
-------------------------------------------------------------------------
Delay:               4.023ns (Levels of Logic = 2)
  Source:            RGZ_7 (FF)
  Destination:       RGZ_5 (FF)
  Source Clock:      CLK rising
  Destination Clock: CLK rising

  Data Path: RGZ_7 to RGZ_5
                                Gate     Net
    Cell:in->out      fanout   Delay   Delay  Logical Name (Net Name)
    ----------------------------------------  ------------
     FD:C->Q               6   0.591   0.749  RGZ_7 (RGZ_7)
     LUT3_D:I1->LO         1   0.643   0.103  RGZ_5_mux000021 (N27)
     LUT4:I3->O            1   0.648   0.420  RGZ_5_mux000035 (RGZ_5_mux000035)
     FDS:S                     0.869          RGZ_5
    ----------------------------------------
    Total                      4.023ns (2.751ns logic, 1.272ns route)
                                       (68.4% logic, 31.6% route)

=========================================================================
Timing constraint: Default OFFSET IN BEFORE for Clock 'CLK'
  Total number of paths / destination ports: 55 / 9
-------------------------------------------------------------------------
Offset:              5.607ns (Levels of Logic = 4)
  Source:            KEY<1> (PAD)
  Destination:       RGZ_5 (FF)
  Destination Clock: CLK rising

  Data Path: KEY<1> to RGZ_5
                                Gate     Net
    Cell:in->out      fanout   Delay   Delay  Logical Name (Net Name)
    ----------------------------------------  ------------
     IBUF:I->O             8   0.849   0.837  KEY_1_IBUF (KEY_1_IBUF)
     LUT3:I1->O            2   0.643   0.590  RGZ_7_mux000031 (N10)
     LUT3_D:I0->LO         1   0.648   0.103  RGZ_5_mux000021 (N27)
     LUT4:I3->O            1   0.648   0.420  RGZ_5_mux000035 (RGZ_5_mux000035)
     FDS:S                     0.869          RGZ_5
    ----------------------------------------
    Total                      5.607ns (3.657ns logic, 1.950ns route)
                                       (65.2% logic, 34.8% route)

=========================================================================
Timing constraint: Default OFFSET OUT AFTER for Clock 'CLK'
  Total number of paths / destination ports: 8 / 8
-------------------------------------------------------------------------
Offset:              5.819ns (Levels of Logic = 1)
  Source:            RGZ_6 (FF)
  Destination:       RGZ<6> (PAD)
  Source Clock:      CLK rising

  Data Path: RGZ_6 to RGZ<6>
                                Gate     Net
    Cell:in->out      fanout   Delay   Delay  Logical Name (Net Name)
    ----------------------------------------  ------------
     FD:C->Q               7   0.591   0.708  RGZ_6 (RGZ_6)
     OBUF:I->O                 4.520          RGZ_6_OBUF (RGZ<6>)
    ----------------------------------------
    Total                      5.819ns (5.111ns logic, 0.708ns route)
                                       (87.8% logic, 12.2% route)

=========================================================================


Total REAL time to Xst completion: 3.00 secs
Total CPU time to Xst completion: 3.16 secs
 
--> 

Total memory usage is 269620 kilobytes

Number of errors   :    0 (   0 filtered)
Number of warnings :    5 (   0 filtered)
Number of infos    :    0 (   0 filtered)

