Command line:
   alu_tb_isim_beh.exe
     -simmode  gui
     -simrunnum  0
     -socket  53328

Tue Sep 05 16:46:30 2017


 Elaboration Time: 0.125 sec

 Current Memory Usage: 1645.81 Meg

 Total Signals          : 40
 Total Nets             : 62
 Total Signal Drivers   : 15
 Total Blocks           : 6
 Total Primitive Blocks : 4
 Total Processes        : 25
 Total Traceable Variables  : 28
 Total Scalar Nets and Variables : 195
Total Line Count : 321

 Total Simulation Time: 0.125 sec

 Current Memory Usage: 544.772 Meg

Tue Sep 05 18:21:48 2017

